<?xml version="1.0" encoding="UTF-8"?>
<!-- Generated by org.testng.reporters.JUnitXMLReporter -->
<testsuite ignored="0" hostname="Vaibhav" failures="0" tests="10" name="Free CRM App Test Cases" time="47.302" errors="0" timestamp="08 Mar 2024 06:59:16 GMT">
  <testcase classname="com.crm.qa.testcases.Addcustomer" name="addcustest" time="1.882"/>
  <testcase classname="com.crm.qa.testcases.Addcustomerblank" name="addcustest1" time="2.109"/>
  <testcase classname="com.crm.qa.testcases.deletetest" name="testBankCustomer" time="1.676"/>
  <testcase classname="com.crm.qa.testcases.Deposittest" name="testCustomerActions" time="2.65"/>
  <testcase classname="com.crm.qa.testcases.invdeposittest" name="testCustomerActions" time="2.792"/>
  <testcase classname="com.crm.qa.testcases.Invwithdrawtest" name="testCustomerActions" time="2.911"/>
  <testcase classname="com.crm.qa.testcases.Openaccount" name="testOpenAccount" time="2.342"/>
  <testcase classname="com.crm.qa.testcases.Searchcustomer" name="testBankCustomer" time="1.692"/>
  <testcase classname="com.crm.qa.testcases.Transactiontest" name="testCustomerActions" time="2.71"/>
  <testcase classname="com.crm.qa.testcases.withdrawvalidtest" name="testCustomerActions" time="2.88"/>
</testsuite> <!-- Free CRM App Test Cases -->
