<?xml version="1.0" encoding="UTF-8"?>
<!-- Generated by org.testng.reporters.JUnitXMLReporter -->
<testsuite ignored="0" hostname="Vaibhav" failures="0" tests="10" name="Test" time="46.257" errors="0" timestamp="08 Mar 2024 04:46:05 GMT">
  <testcase classname="com.crm.qa.testcases.Addcustomer" name="addcustest" time="2.396"/>
  <testcase classname="com.crm.qa.testcases.Addcustomerblank" name="addcustest1" time="2.282"/>
  <testcase classname="com.crm.qa.testcases.deletetest" name="testBankCustomer" time="1.633"/>
  <testcase classname="com.crm.qa.testcases.Deposittest" name="testCustomerActions" time="2.595"/>
  <testcase classname="com.crm.qa.testcases.invdeposittest" name="testCustomerActions" time="2.807"/>
  <testcase classname="com.crm.qa.testcases.Invwithdrawtest" name="testCustomerActions" time="2.696"/>
  <testcase classname="com.crm.qa.testcases.Openaccount" name="testOpenAccount" time="2.064"/>
  <testcase classname="com.crm.qa.testcases.Searchcustomer" name="testBankCustomer" time="1.66"/>
  <testcase classname="com.crm.qa.testcases.Transactiontest" name="testCustomerActions" time="2.198"/>
  <testcase classname="com.crm.qa.testcases.withdrawvalidtest" name="testCustomerActions" time="2.603"/>
</testsuite> <!-- Test -->
