<?xml version="1.0" encoding="UTF-8"?>
<testsuite xmlns:xsi="http://www.w3.org/2001/XMLSchema-instance" xsi:noNamespaceSchemaLocation="https://maven.apache.org/surefire/maven-surefire-plugin/xsd/surefire-test-report.xsd" name="TestSuite" time="47.475" tests="10" errors="0" skipped="0" failures="0">
  <properties>
[...]
</properties>
  <testcase name="addcustest" classname="com.crm.qa.testcases.Addcustomer" time="2.397"/>
  <testcase name="addcustest1" classname="com.crm.qa.testcases.Addcustomerblank" time="2.281"/>
  <testcase name="testBankCustomer" classname="com.crm.qa.testcases.deletetest" time="1.633"/>
  <testcase name="testCustomerActions" classname="com.crm.qa.testcases.Deposittest" time="2.594"/>
  <testcase name="testCustomerActions" classname="com.crm.qa.testcases.invdeposittest" time="2.807"/>
  <testcase name="testCustomerActions" classname="com.crm.qa.testcases.Invwithdrawtest" time="2.697"/>
  <testcase name="testOpenAccount" classname="com.crm.qa.testcases.Openaccount" time="2.063"/>
  <testcase name="testBankCustomer" classname="com.crm.qa.testcases.Searchcustomer" time="1.664"/>
  <testcase name="testCustomerActions" classname="com.crm.qa.testcases.Transactiontest" time="2.16"/>
  <testcase name="testCustomerActions" classname="com.crm.qa.testcases.withdrawvalidtest" time="2.602"/>
</testsuite>